<?xml version="1.0" encoding="UTF-8" ?>
<testsuite tests="2" failures="1" name="org.apache.catalina.tribes.group.interceptors.TestOrderInterceptor" time="3.278" errors="1" skipped="0">
  <properties>
    <property name="java.runtime.name" value="Java(TM) SE Runtime Environment"/>
    <property name="sun.boot.library.path" value="/Library/Java/JavaVirtualMachines/jdk1.8.0_65.jdk/Contents/Home/jre/lib"/>
    <property name="java.vm.version" value="25.65-b01"/>
    <property name="gopherProxySet" value="false"/>
    <property name="java.vm.vendor" value="Oracle Corporation"/>
    <property name="maven.multiModuleProjectDirectory" value="/Users/mjando/repo-01/tomcat"/>
    <property name="java.vendor.url" value="http://java.oracle.com/"/>
    <property name="path.separator" value=":"/>
    <property name="guice.disable.misplaced.annotation.check" value="true"/>
    <property name="java.vm.name" value="Java HotSpot(TM) 64-Bit Server VM"/>
    <property name="file.encoding.pkg" value="sun.io"/>
    <property name="user.country" value="DE"/>
    <property name="sun.java.launcher" value="SUN_STANDARD"/>
    <property name="sun.os.patch.level" value="unknown"/>
    <property name="java.vm.specification.name" value="Java Virtual Machine Specification"/>
    <property name="user.dir" value="/Users/mjando/repo-01/tomcat"/>
    <property name="java.runtime.version" value="1.8.0_65-b17"/>
    <property name="java.awt.graphicsenv" value="sun.awt.CGraphicsEnvironment"/>
    <property name="java.endorsed.dirs" value="/Library/Java/JavaVirtualMachines/jdk1.8.0_65.jdk/Contents/Home/jre/lib/endorsed"/>
    <property name="os.arch" value="x86_64"/>
    <property name="java.io.tmpdir" value="/var/folders/7z/tsq5w41952ndkh4pk8xg_3y4zzb6wq/T/"/>
    <property name="line.separator" value="
"/>
    <property name="java.vm.specification.vendor" value="Oracle Corporation"/>
    <property name="os.name" value="Mac OS X"/>
    <property name="classworlds.conf" value="/usr/local/Cellar/maven/3.5.2/libexec/bin/m2.conf"/>
    <property name="sun.jnu.encoding" value="UTF-8"/>
    <property name="java.library.path" value="/Users/mjando/Library/Java/Extensions:/Library/Java/Extensions:/Network/Library/Java/Extensions:/System/Library/Java/Extensions:/usr/lib/java:."/>
    <property name="maven.conf" value="/usr/local/Cellar/maven/3.5.2/libexec/conf"/>
    <property name="java.specification.name" value="Java Platform API Specification"/>
    <property name="java.class.version" value="52.0"/>
    <property name="sun.management.compiler" value="HotSpot 64-Bit Tiered Compilers"/>
    <property name="os.version" value="10.11.6"/>
    <property name="library.jansi.path" value="/usr/local/Cellar/maven/3.5.2/libexec/lib/jansi-native"/>
    <property name="user.home" value="/Users/mjando"/>
    <property name="user.timezone" value="Europe/Berlin"/>
    <property name="java.awt.printerjob" value="sun.lwawt.macosx.CPrinterJob"/>
    <property name="java.specification.version" value="1.8"/>
    <property name="file.encoding" value="UTF-8"/>
    <property name="user.name" value="mjando"/>
    <property name="java.class.path" value="/usr/local/Cellar/maven/3.5.2/libexec/boot/plexus-classworlds-2.5.2.jar"/>
    <property name="java.vm.specification.version" value="1.8"/>
    <property name="sun.arch.data.model" value="64"/>
    <property name="java.home" value="/Library/Java/JavaVirtualMachines/jdk1.8.0_65.jdk/Contents/Home/jre"/>
    <property name="sun.java.command" value="org.codehaus.plexus.classworlds.launcher.Launcher emma:emma"/>
    <property name="java.specification.vendor" value="Oracle Corporation"/>
    <property name="user.language" value="de"/>
    <property name="awt.toolkit" value="sun.lwawt.macosx.LWCToolkit"/>
    <property name="java.vm.info" value="mixed mode"/>
    <property name="java.version" value="1.8.0_65"/>
    <property name="java.ext.dirs" value="/Users/mjando/Library/Java/Extensions:/Library/Java/JavaVirtualMachines/jdk1.8.0_65.jdk/Contents/Home/jre/lib/ext:/Library/Java/Extensions:/Network/Library/Java/Extensions:/System/Library/Java/Extensions:/usr/lib/java"/>
    <property name="sun.boot.class.path" value="/Library/Java/JavaVirtualMachines/jdk1.8.0_65.jdk/Contents/Home/jre/lib/resources.jar:/Library/Java/JavaVirtualMachines/jdk1.8.0_65.jdk/Contents/Home/jre/lib/rt.jar:/Library/Java/JavaVirtualMachines/jdk1.8.0_65.jdk/Contents/Home/jre/lib/sunrsasign.jar:/Library/Java/JavaVirtualMachines/jdk1.8.0_65.jdk/Contents/Home/jre/lib/jsse.jar:/Library/Java/JavaVirtualMachines/jdk1.8.0_65.jdk/Contents/Home/jre/lib/jce.jar:/Library/Java/JavaVirtualMachines/jdk1.8.0_65.jdk/Contents/Home/jre/lib/charsets.jar:/Library/Java/JavaVirtualMachines/jdk1.8.0_65.jdk/Contents/Home/jre/lib/jfr.jar:/Library/Java/JavaVirtualMachines/jdk1.8.0_65.jdk/Contents/Home/jre/classes"/>
    <property name="java.vendor" value="Oracle Corporation"/>
    <property name="maven.home" value="/usr/local/Cellar/maven/3.5.2/libexec"/>
    <property name="file.separator" value="/"/>
    <property name="java.vendor.url.bug" value="http://bugreport.sun.com/bugreport/"/>
    <property name="sun.cpu.endian" value="little"/>
    <property name="sun.io.unicode.encoding" value="UnicodeBig"/>
    <property name="sun.cpu.isalist" value=""/>
  </properties>
  <testcase classname="org.apache.catalina.tribes.group.interceptors.TestOrderInterceptor" name="testOrder1" time="1.619">
    <error message="No destination given; No faulty members identified." type="org.apache.catalina.tribes.ChannelException">org.apache.catalina.tribes.ChannelException: No destination given; No faulty members identified.
	at org.apache.catalina.tribes.group.GroupChannel.send(GroupChannel.java:194)
	at org.apache.catalina.tribes.group.GroupChannel.send(GroupChannel.java:175)
	at org.apache.catalina.tribes.group.interceptors.TestOrderInterceptor.testOrder1(TestOrderInterceptor.java:92)
	at sun.reflect.NativeMethodAccessorImpl.invoke0(Native Method)
	at sun.reflect.NativeMethodAccessorImpl.invoke(NativeMethodAccessorImpl.java:62)
	at sun.reflect.DelegatingMethodAccessorImpl.invoke(DelegatingMethodAccessorImpl.java:43)
	at java.lang.reflect.Method.invoke(Method.java:497)
	at org.junit.runners.model.FrameworkMethod$1.runReflectiveCall(FrameworkMethod.java:50)
	at org.junit.internal.runners.model.ReflectiveCallable.run(ReflectiveCallable.java:12)
	at org.junit.runners.model.FrameworkMethod.invokeExplosively(FrameworkMethod.java:47)
	at org.junit.internal.runners.statements.InvokeMethod.evaluate(InvokeMethod.java:17)
	at org.junit.internal.runners.statements.RunBefores.evaluate(RunBefores.java:26)
	at org.junit.internal.runners.statements.RunAfters.evaluate(RunAfters.java:27)
	at org.junit.runners.ParentRunner.runLeaf(ParentRunner.java:325)
	at org.junit.runners.BlockJUnit4ClassRunner.runChild(BlockJUnit4ClassRunner.java:78)
	at org.junit.runners.BlockJUnit4ClassRunner.runChild(BlockJUnit4ClassRunner.java:57)
	at org.junit.runners.ParentRunner$3.run(ParentRunner.java:290)
	at org.junit.runners.ParentRunner$1.schedule(ParentRunner.java:71)
	at org.junit.runners.ParentRunner.runChildren(ParentRunner.java:288)
	at org.junit.runners.ParentRunner.access$000(ParentRunner.java:58)
	at org.junit.runners.ParentRunner$2.evaluate(ParentRunner.java:268)
	at org.junit.runners.ParentRunner.run(ParentRunner.java:363)
	at org.apache.maven.surefire.junit4.JUnit4Provider.execute(JUnit4Provider.java:252)
	at org.apache.maven.surefire.junit4.JUnit4Provider.executeTestSet(JUnit4Provider.java:141)
	at org.apache.maven.surefire.junit4.JUnit4Provider.invoke(JUnit4Provider.java:112)
	at sun.reflect.NativeMethodAccessorImpl.invoke0(Native Method)
	at sun.reflect.NativeMethodAccessorImpl.invoke(NativeMethodAccessorImpl.java:62)
	at sun.reflect.DelegatingMethodAccessorImpl.invoke(DelegatingMethodAccessorImpl.java:43)
	at java.lang.reflect.Method.invoke(Method.java:497)
	at org.apache.maven.surefire.util.ReflectionUtils.invokeMethodWithArray(ReflectionUtils.java:189)
	at org.apache.maven.surefire.booter.ProviderFactory$ProviderProxy.invoke(ProviderFactory.java:165)
	at org.apache.maven.surefire.booter.ProviderFactory.invokeProvider(ProviderFactory.java:85)
	at org.apache.maven.surefire.booter.ForkedBooter.runSuitesInProcess(ForkedBooter.java:115)
	at org.apache.maven.surefire.booter.ForkedBooter.main(ForkedBooter.java:75)
</error>
    <system-out>Setup
tearDown
</system-out>
    <system-err>Nov 16, 2017 3:09:18 PM org.apache.catalina.tribes.transport.ReceiverBase bind
INFORMATION: Receiver Server Socket bound to:/192.168.99.1:4020
Nov 16, 2017 3:09:18 PM org.apache.catalina.tribes.membership.McastServiceImpl setupSocket
INFORMATION: Setting cluster mcast soTimeout to 500
org.apache.catalina.tribes.ChannelException: java.net.SocketException: Can&apos;t assign requested address; No faulty members identified.
	at org.apache.catalina.tribes.group.ChannelCoordinator.internalStart(ChannelCoordinator.java:167)
	at org.apache.catalina.tribes.group.ChannelCoordinator.start(ChannelCoordinator.java:95)
	at org.apache.catalina.tribes.group.ChannelInterceptorBase.start(ChannelInterceptorBase.java:149)
	at org.apache.catalina.tribes.group.ChannelInterceptorBase.start(ChannelInterceptorBase.java:149)
	at org.apache.catalina.tribes.group.ChannelInterceptorBase.start(ChannelInterceptorBase.java:149)
	at org.apache.catalina.tribes.group.ChannelInterceptorBase.start(ChannelInterceptorBase.java:149)
	at org.apache.catalina.tribes.group.GroupChannel.start(GroupChannel.java:407)
	at org.apache.catalina.tribes.group.interceptors.TestOrderInterceptor$1.run(TestOrderInterceptor.java:73)
Caused by: java.net.SocketException: Can&apos;t assign requested address
	at java.net.PlainDatagramSocketImpl.join(Native Method)
	at java.net.AbstractPlainDatagramSocketImpl.join(AbstractPlainDatagramSocketImpl.java:179)
	at java.net.MulticastSocket.joinGroup(MulticastSocket.java:323)
	at org.apache.catalina.tribes.membership.McastServiceImpl.start(McastServiceImpl.java:233)
	at org.apache.catalina.tribes.membership.McastService.start(McastService.java:374)
	at org.apache.catalina.tribes.group.ChannelCoordinator.internalStart(ChannelCoordinator.java:152)
	... 7 more
Nov 16, 2017 3:09:18 PM org.apache.catalina.tribes.transport.ReceiverBase bind
INFORMATION: Receiver Server Socket bound to:/192.168.99.1:4021
Nov 16, 2017 3:09:18 PM org.apache.catalina.tribes.membership.McastServiceImpl setupSocket
INFORMATION: Setting cluster mcast soTimeout to 500
org.apache.catalina.tribes.ChannelException: java.net.SocketException: Can&apos;t assign requested address; No faulty members identified.
	at org.apache.catalina.tribes.group.ChannelCoordinator.internalStart(ChannelCoordinator.java:167)
	at org.apache.catalina.tribes.group.ChannelCoordinator.start(ChannelCoordinator.java:95)
	at org.apache.catalina.tribes.group.ChannelInterceptorBase.start(ChannelInterceptorBase.java:149)
	at org.apache.catalina.tribes.group.ChannelInterceptorBase.start(ChannelInterceptorBase.java:149)
	at org.apache.catalina.tribes.group.ChannelInterceptorBase.start(ChannelInterceptorBase.java:149)
	at org.apache.catalina.tribes.group.ChannelInterceptorBase.start(ChannelInterceptorBase.java:149)
	at org.apache.catalina.tribes.group.GroupChannel.start(GroupChannel.java:407)
	at org.apache.catalina.tribes.group.interceptors.TestOrderInterceptor$1.run(TestOrderInterceptor.java:73)
Caused by: java.net.SocketException: Can&apos;t assign requested address
	at java.net.PlainDatagramSocketImpl.join(Native Method)
	at java.net.AbstractPlainDatagramSocketImpl.join(AbstractPlainDatagramSocketImpl.java:179)
	at java.net.MulticastSocket.joinGroup(MulticastSocket.java:323)
	at org.apache.catalina.tribes.membership.McastServiceImpl.start(McastServiceImpl.java:233)
	at org.apache.catalina.tribes.membership.McastService.start(McastService.java:374)
	at org.apache.catalina.tribes.group.ChannelCoordinator.internalStart(ChannelCoordinator.java:152)
	... 7 more
</system-err>
  </testcase>
  <testcase classname="org.apache.catalina.tribes.group.interceptors.TestOrderInterceptor" name="testOrder2" time="1.659">
    <failure message="Exception while sending in threads: org.apache.catalina.tribes.ChannelException: No destination given; No faulty members identified." type="java.lang.AssertionError">java.lang.AssertionError: Exception while sending in threads: org.apache.catalina.tribes.ChannelException: No destination given; No faulty members identified.
	at org.junit.Assert.fail(Assert.java:88)
	at org.apache.catalina.tribes.group.interceptors.TestOrderInterceptor.testOrder2(TestOrderInterceptor.java:129)
	at sun.reflect.NativeMethodAccessorImpl.invoke0(Native Method)
	at sun.reflect.NativeMethodAccessorImpl.invoke(NativeMethodAccessorImpl.java:62)
	at sun.reflect.DelegatingMethodAccessorImpl.invoke(DelegatingMethodAccessorImpl.java:43)
	at java.lang.reflect.Method.invoke(Method.java:497)
	at org.junit.runners.model.FrameworkMethod$1.runReflectiveCall(FrameworkMethod.java:50)
	at org.junit.internal.runners.model.ReflectiveCallable.run(ReflectiveCallable.java:12)
	at org.junit.runners.model.FrameworkMethod.invokeExplosively(FrameworkMethod.java:47)
	at org.junit.internal.runners.statements.InvokeMethod.evaluate(InvokeMethod.java:17)
	at org.junit.internal.runners.statements.RunBefores.evaluate(RunBefores.java:26)
	at org.junit.internal.runners.statements.RunAfters.evaluate(RunAfters.java:27)
	at org.junit.runners.ParentRunner.runLeaf(ParentRunner.java:325)
	at org.junit.runners.BlockJUnit4ClassRunner.runChild(BlockJUnit4ClassRunner.java:78)
	at org.junit.runners.BlockJUnit4ClassRunner.runChild(BlockJUnit4ClassRunner.java:57)
	at org.junit.runners.ParentRunner$3.run(ParentRunner.java:290)
	at org.junit.runners.ParentRunner$1.schedule(ParentRunner.java:71)
	at org.junit.runners.ParentRunner.runChildren(ParentRunner.java:288)
	at org.junit.runners.ParentRunner.access$000(ParentRunner.java:58)
	at org.junit.runners.ParentRunner$2.evaluate(ParentRunner.java:268)
	at org.junit.runners.ParentRunner.run(ParentRunner.java:363)
	at org.apache.maven.surefire.junit4.JUnit4Provider.execute(JUnit4Provider.java:252)
	at org.apache.maven.surefire.junit4.JUnit4Provider.executeTestSet(JUnit4Provider.java:141)
	at org.apache.maven.surefire.junit4.JUnit4Provider.invoke(JUnit4Provider.java:112)
	at sun.reflect.NativeMethodAccessorImpl.invoke0(Native Method)
	at sun.reflect.NativeMethodAccessorImpl.invoke(NativeMethodAccessorImpl.java:62)
	at sun.reflect.DelegatingMethodAccessorImpl.invoke(DelegatingMethodAccessorImpl.java:43)
	at java.lang.reflect.Method.invoke(Method.java:497)
	at org.apache.maven.surefire.util.ReflectionUtils.invokeMethodWithArray(ReflectionUtils.java:189)
	at org.apache.maven.surefire.booter.ProviderFactory$ProviderProxy.invoke(ProviderFactory.java:165)
	at org.apache.maven.surefire.booter.ProviderFactory.invokeProvider(ProviderFactory.java:85)
	at org.apache.maven.surefire.booter.ForkedBooter.runSuitesInProcess(ForkedBooter.java:115)
	at org.apache.maven.surefire.booter.ForkedBooter.main(ForkedBooter.java:75)
</failure>
    <system-out>Setup
tearDown
</system-out>
    <system-err>Nov 16, 2017 3:09:20 PM org.apache.catalina.tribes.transport.ReceiverBase bind
INFORMATION: Receiver Server Socket bound to:/192.168.99.1:4022
Nov 16, 2017 3:09:20 PM org.apache.catalina.tribes.membership.McastServiceImpl setupSocket
INFORMATION: Setting cluster mcast soTimeout to 500
org.apache.catalina.tribes.ChannelException: java.net.SocketException: Can&apos;t assign requested address; No faulty members identified.
	at org.apache.catalina.tribes.group.ChannelCoordinator.internalStart(ChannelCoordinator.java:167)
	at org.apache.catalina.tribes.group.ChannelCoordinator.start(ChannelCoordinator.java:95)
	at org.apache.catalina.tribes.group.ChannelInterceptorBase.start(ChannelInterceptorBase.java:149)
	at org.apache.catalina.tribes.group.ChannelInterceptorBase.start(ChannelInterceptorBase.java:149)
	at org.apache.catalina.tribes.group.ChannelInterceptorBase.start(ChannelInterceptorBase.java:149)
	at org.apache.catalina.tribes.group.ChannelInterceptorBase.start(ChannelInterceptorBase.java:149)
	at org.apache.catalina.tribes.group.GroupChannel.start(GroupChannel.java:407)
	at org.apache.catalina.tribes.group.interceptors.TestOrderInterceptor$1.run(TestOrderInterceptor.java:73)
Caused by: java.net.SocketException: Can&apos;t assign requested address
	at java.net.PlainDatagramSocketImpl.join(Native Method)
	at java.net.AbstractPlainDatagramSocketImpl.join(AbstractPlainDatagramSocketImpl.java:179)
	at java.net.MulticastSocket.joinGroup(MulticastSocket.java:323)
	at org.apache.catalina.tribes.membership.McastServiceImpl.start(McastServiceImpl.java:233)
	at org.apache.catalina.tribes.membership.McastService.start(McastService.java:374)
	at org.apache.catalina.tribes.group.ChannelCoordinator.internalStart(ChannelCoordinator.java:152)
	... 7 more
Nov 16, 2017 3:09:20 PM org.apache.catalina.tribes.transport.ReceiverBase bind
INFORMATION: Receiver Server Socket bound to:/192.168.99.1:4023
Nov 16, 2017 3:09:20 PM org.apache.catalina.tribes.membership.McastServiceImpl setupSocket
INFORMATION: Setting cluster mcast soTimeout to 500
org.apache.catalina.tribes.ChannelException: java.net.SocketException: Can&apos;t assign requested address; No faulty members identified.
	at org.apache.catalina.tribes.group.ChannelCoordinator.internalStart(ChannelCoordinator.java:167)
	at org.apache.catalina.tribes.group.ChannelCoordinator.start(ChannelCoordinator.java:95)
	at org.apache.catalina.tribes.group.ChannelInterceptorBase.start(ChannelInterceptorBase.java:149)
	at org.apache.catalina.tribes.group.ChannelInterceptorBase.start(ChannelInterceptorBase.java:149)
	at org.apache.catalina.tribes.group.ChannelInterceptorBase.start(ChannelInterceptorBase.java:149)
	at org.apache.catalina.tribes.group.ChannelInterceptorBase.start(ChannelInterceptorBase.java:149)
	at org.apache.catalina.tribes.group.GroupChannel.start(GroupChannel.java:407)
	at org.apache.catalina.tribes.group.interceptors.TestOrderInterceptor$1.run(TestOrderInterceptor.java:73)
Caused by: java.net.SocketException: Can&apos;t assign requested address
	at java.net.PlainDatagramSocketImpl.join(Native Method)
	at java.net.AbstractPlainDatagramSocketImpl.join(AbstractPlainDatagramSocketImpl.java:179)
	at java.net.MulticastSocket.joinGroup(MulticastSocket.java:323)
	at org.apache.catalina.tribes.membership.McastServiceImpl.start(McastServiceImpl.java:233)
	at org.apache.catalina.tribes.membership.McastService.start(McastService.java:374)
	at org.apache.catalina.tribes.group.ChannelCoordinator.internalStart(ChannelCoordinator.java:152)
	... 7 more
</system-err>
  </testcase>
</testsuite>