<?xml version="1.0" encoding="UTF-8" ?>
<testsuite tests="41" failures="0" name="org.apache.catalina.core.TestApplicationContext" time="42.224" errors="0" skipped="0">
  <properties>
    <property name="java.runtime.name" value="Java(TM) SE Runtime Environment"/>
    <property name="sun.boot.library.path" value="/Library/Java/JavaVirtualMachines/jdk1.8.0_65.jdk/Contents/Home/jre/lib"/>
    <property name="java.vm.version" value="25.65-b01"/>
    <property name="gopherProxySet" value="false"/>
    <property name="java.vm.vendor" value="Oracle Corporation"/>
    <property name="maven.multiModuleProjectDirectory" value="/Users/mjando/repo-01/tomcat"/>
    <property name="java.vendor.url" value="http://java.oracle.com/"/>
    <property name="path.separator" value=":"/>
    <property name="guice.disable.misplaced.annotation.check" value="true"/>
    <property name="java.vm.name" value="Java HotSpot(TM) 64-Bit Server VM"/>
    <property name="file.encoding.pkg" value="sun.io"/>
    <property name="user.country" value="DE"/>
    <property name="sun.java.launcher" value="SUN_STANDARD"/>
    <property name="sun.os.patch.level" value="unknown"/>
    <property name="java.vm.specification.name" value="Java Virtual Machine Specification"/>
    <property name="user.dir" value="/Users/mjando/repo-01/tomcat"/>
    <property name="java.runtime.version" value="1.8.0_65-b17"/>
    <property name="java.awt.graphicsenv" value="sun.awt.CGraphicsEnvironment"/>
    <property name="java.endorsed.dirs" value="/Library/Java/JavaVirtualMachines/jdk1.8.0_65.jdk/Contents/Home/jre/lib/endorsed"/>
    <property name="os.arch" value="x86_64"/>
    <property name="java.io.tmpdir" value="/var/folders/7z/tsq5w41952ndkh4pk8xg_3y4zzb6wq/T/"/>
    <property name="line.separator" value="
"/>
    <property name="java.vm.specification.vendor" value="Oracle Corporation"/>
    <property name="os.name" value="Mac OS X"/>
    <property name="classworlds.conf" value="/usr/local/Cellar/maven/3.5.2/libexec/bin/m2.conf"/>
    <property name="sun.jnu.encoding" value="UTF-8"/>
    <property name="java.library.path" value="/Users/mjando/Library/Java/Extensions:/Library/Java/Extensions:/Network/Library/Java/Extensions:/System/Library/Java/Extensions:/usr/lib/java:."/>
    <property name="maven.conf" value="/usr/local/Cellar/maven/3.5.2/libexec/conf"/>
    <property name="java.specification.name" value="Java Platform API Specification"/>
    <property name="java.class.version" value="52.0"/>
    <property name="sun.management.compiler" value="HotSpot 64-Bit Tiered Compilers"/>
    <property name="os.version" value="10.11.6"/>
    <property name="library.jansi.path" value="/usr/local/Cellar/maven/3.5.2/libexec/lib/jansi-native"/>
    <property name="user.home" value="/Users/mjando"/>
    <property name="user.timezone" value="Europe/Berlin"/>
    <property name="java.awt.printerjob" value="sun.lwawt.macosx.CPrinterJob"/>
    <property name="java.specification.version" value="1.8"/>
    <property name="file.encoding" value="UTF-8"/>
    <property name="user.name" value="mjando"/>
    <property name="java.class.path" value="/usr/local/Cellar/maven/3.5.2/libexec/boot/plexus-classworlds-2.5.2.jar"/>
    <property name="java.vm.specification.version" value="1.8"/>
    <property name="sun.arch.data.model" value="64"/>
    <property name="java.home" value="/Library/Java/JavaVirtualMachines/jdk1.8.0_65.jdk/Contents/Home/jre"/>
    <property name="sun.java.command" value="org.codehaus.plexus.classworlds.launcher.Launcher clean test"/>
    <property name="java.specification.vendor" value="Oracle Corporation"/>
    <property name="user.language" value="de"/>
    <property name="awt.toolkit" value="sun.lwawt.macosx.LWCToolkit"/>
    <property name="java.vm.info" value="mixed mode"/>
    <property name="java.version" value="1.8.0_65"/>
    <property name="java.ext.dirs" value="/Users/mjando/Library/Java/Extensions:/Library/Java/JavaVirtualMachines/jdk1.8.0_65.jdk/Contents/Home/jre/lib/ext:/Library/Java/Extensions:/Network/Library/Java/Extensions:/System/Library/Java/Extensions:/usr/lib/java"/>
    <property name="sun.boot.class.path" value="/Library/Java/JavaVirtualMachines/jdk1.8.0_65.jdk/Contents/Home/jre/lib/resources.jar:/Library/Java/JavaVirtualMachines/jdk1.8.0_65.jdk/Contents/Home/jre/lib/rt.jar:/Library/Java/JavaVirtualMachines/jdk1.8.0_65.jdk/Contents/Home/jre/lib/sunrsasign.jar:/Library/Java/JavaVirtualMachines/jdk1.8.0_65.jdk/Contents/Home/jre/lib/jsse.jar:/Library/Java/JavaVirtualMachines/jdk1.8.0_65.jdk/Contents/Home/jre/lib/jce.jar:/Library/Java/JavaVirtualMachines/jdk1.8.0_65.jdk/Contents/Home/jre/lib/charsets.jar:/Library/Java/JavaVirtualMachines/jdk1.8.0_65.jdk/Contents/Home/jre/lib/jfr.jar:/Library/Java/JavaVirtualMachines/jdk1.8.0_65.jdk/Contents/Home/jre/classes"/>
    <property name="java.vendor" value="Oracle Corporation"/>
    <property name="maven.home" value="/usr/local/Cellar/maven/3.5.2/libexec"/>
    <property name="file.separator" value="/"/>
    <property name="java.vendor.url.bug" value="http://bugreport.sun.com/bugreport/"/>
    <property name="sun.cpu.endian" value="little"/>
    <property name="sun.io.unicode.encoding" value="UnicodeBig"/>
    <property name="sun.cpu.isalist" value=""/>
  </properties>
  <testcase classname="org.apache.catalina.core.TestApplicationContext" name="testGetRequestDispatcherEncodedTraversal" time="1.065"/>
  <testcase classname="org.apache.catalina.core.TestApplicationContext" name="testGetRequestDispatcherNullPath01" time="1.035"/>
  <testcase classname="org.apache.catalina.core.TestApplicationContext" name="testGetRequestDispatcherNullPath02" time="1.035"/>
  <testcase classname="org.apache.catalina.core.TestApplicationContext" name="testGetRequestDispatcher01" time="1.037"/>
  <testcase classname="org.apache.catalina.core.TestApplicationContext" name="testGetRequestDispatcher02" time="1.034"/>
  <testcase classname="org.apache.catalina.core.TestApplicationContext" name="testGetRequestDispatcher03" time="1.032"/>
  <testcase classname="org.apache.catalina.core.TestApplicationContext" name="testGetRequestDispatcher04" time="1.028"/>
  <testcase classname="org.apache.catalina.core.TestApplicationContext" name="testGetRequestDispatcher05" time="1.031"/>
  <testcase classname="org.apache.catalina.core.TestApplicationContext" name="testGetRequestDispatcher06" time="1.031"/>
  <testcase classname="org.apache.catalina.core.TestApplicationContext" name="testGetRequestDispatcher11" time="1.041"/>
  <testcase classname="org.apache.catalina.core.TestApplicationContext" name="testGetRequestDispatcher12" time="1.031"/>
  <testcase classname="org.apache.catalina.core.TestApplicationContext" name="testGetRequestDispatcher13" time="1.026"/>
  <testcase classname="org.apache.catalina.core.TestApplicationContext" name="testGetRequestDispatcher14" time="1.028"/>
  <testcase classname="org.apache.catalina.core.TestApplicationContext" name="testGetRequestDispatcher15" time="1.031"/>
  <testcase classname="org.apache.catalina.core.TestApplicationContext" name="testGetRequestDispatcher16" time="1.029"/>
  <testcase classname="org.apache.catalina.core.TestApplicationContext" name="testGetRequestDispatcher21" time="1.024"/>
  <testcase classname="org.apache.catalina.core.TestApplicationContext" name="testGetRequestDispatcher22" time="1.028"/>
  <testcase classname="org.apache.catalina.core.TestApplicationContext" name="testGetRequestDispatcher23" time="1.023"/>
  <testcase classname="org.apache.catalina.core.TestApplicationContext" name="testGetRequestDispatcher24" time="1.026"/>
  <testcase classname="org.apache.catalina.core.TestApplicationContext" name="testGetRequestDispatcher25" time="1.028"/>
  <testcase classname="org.apache.catalina.core.TestApplicationContext" name="testGetRequestDispatcher26" time="1.028"/>
  <testcase classname="org.apache.catalina.core.TestApplicationContext" name="testGetRequestDispatcher31" time="1.036"/>
  <testcase classname="org.apache.catalina.core.TestApplicationContext" name="testGetRequestDispatcher32" time="1.033"/>
  <testcase classname="org.apache.catalina.core.TestApplicationContext" name="testGetRequestDispatcher33" time="1.03"/>
  <testcase classname="org.apache.catalina.core.TestApplicationContext" name="testGetRequestDispatcher34" time="1.024"/>
  <testcase classname="org.apache.catalina.core.TestApplicationContext" name="testGetRequestDispatcher35" time="1.028"/>
  <testcase classname="org.apache.catalina.core.TestApplicationContext" name="testGetRequestDispatcher36" time="1.026"/>
  <testcase classname="org.apache.catalina.core.TestApplicationContext" name="testGetRequestDispatcher41" time="1.029"/>
  <testcase classname="org.apache.catalina.core.TestApplicationContext" name="testGetRequestDispatcher42" time="1.029"/>
  <testcase classname="org.apache.catalina.core.TestApplicationContext" name="testGetRequestDispatcher43" time="1.024"/>
  <testcase classname="org.apache.catalina.core.TestApplicationContext" name="testGetRequestDispatcher44" time="1.028"/>
  <testcase classname="org.apache.catalina.core.TestApplicationContext" name="testGetRequestDispatcher45" time="1.026"/>
  <testcase classname="org.apache.catalina.core.TestApplicationContext" name="testGetRequestDispatcher46" time="1.026"/>
  <testcase classname="org.apache.catalina.core.TestApplicationContext" name="testGetRequestDispatcherOutsideContextRoot01" time="1.026"/>
  <testcase classname="org.apache.catalina.core.TestApplicationContext" name="testGetRequestDispatcherOutsideContextRoot02" time="1.036"/>
  <testcase classname="org.apache.catalina.core.TestApplicationContext" name="testGetRequestDispatcherTraversal01" time="1.024"/>
  <testcase classname="org.apache.catalina.core.TestApplicationContext" name="testGetRequestDispatcherTraversal02" time="1.025"/>
  <testcase classname="org.apache.catalina.core.TestApplicationContext" name="testGetRequestDispatcherTraversal03" time="1.026"/>
  <testcase classname="org.apache.catalina.core.TestApplicationContext" name="testGetRequestDispatcherTraversal04" time="1.027"/>
  <testcase classname="org.apache.catalina.core.TestApplicationContext" name="testGetRequestDispatcherTraversal05" time="1.026"/>
  <testcase classname="org.apache.catalina.core.TestApplicationContext" name="testGetRequestDispatcherTraversal06" time="1.024"/>
</testsuite>